{"C:\\Users\\Reisel_Rol_7\\Desktop\\Todas las Carpetas\\TravelPort\\Intern\\Proyectos\\React - 04 (Formulario) (Vite) (Solucion 1)\\Formulario\\src\\Services\\Formulario\\IDservice.js": {"path":"C:\\Users\\Reisel_Rol_7\\Desktop\\Todas las Carpetas\\TravelPort\\Intern\\Proyectos\\React - 04 (Formulario) (Vite) (Solucion 1)\\Formulario\\src\\Services\\Formulario\\IDservice.js","statementMap":{"0":{"start":{"line":1,"column":16},"end":{"line":1,"column":33}},"1":{"start":{"line":2,"column":4},"end":{"line":30,"column":null}},"2":{"start":{"line":2,"column":33},"end":{"line":2,"column":null}},"3":{"start":{"line":4,"column":8},"end":{"line":29,"column":null}},"4":{"start":{"line":5,"column":29},"end":{"line":5,"column":null}},"5":{"start":{"line":7,"column":12},"end":{"line":9,"column":null}},"6":{"start":{"line":8,"column":16},"end":{"line":8,"column":30}},"7":{"start":{"line":11,"column":31},"end":{"line":11,"column":null}},"8":{"start":{"line":12,"column":30},"end":{"line":12,"column":null}},"9":{"start":{"line":13,"column":37},"end":{"line":13,"column":null}},"10":{"start":{"line":14,"column":33},"end":{"line":14,"column":59}},"11":{"start":{"line":15,"column":12},"end":{"line":15,"column":null}},"12":{"start":{"line":16,"column":15},"end":{"line":29,"column":null}},"13":{"start":{"line":17,"column":38},"end":{"line":17,"column":null}},"14":{"start":{"line":19,"column":12},"end":{"line":21,"column":null}},"15":{"start":{"line":20,"column":16},"end":{"line":20,"column":null}},"16":{"start":{"line":22,"column":39},"end":{"line":22,"column":null}},"17":{"start":{"line":23,"column":46},"end":{"line":23,"column":null}},"18":{"start":{"line":24,"column":36},"end":{"line":24,"column":null}},"19":{"start":{"line":25,"column":47},"end":{"line":25,"column":87}},"20":{"start":{"line":27,"column":12},"end":{"line":27,"column":null}}},"fnMap":{"0":{"name":"checkIsWellTheId","decl":{"start":{"line":1,"column":16},"end":{"line":1,"column":33}},"loc":{"start":{"line":1,"column":54},"end":{"line":31,"column":null}}}},"branchMap":{"0":{"loc":{"start":{"line":2,"column":4},"end":{"line":30,"column":null}},"type":"if","locations":[{"start":{"line":2,"column":4},"end":{"line":30,"column":null}},{"start":{"line":3,"column":9},"end":{"line":30,"column":null}}]},"1":{"loc":{"start":{"line":4,"column":8},"end":{"line":29,"column":null}},"type":"if","locations":[{"start":{"line":4,"column":8},"end":{"line":29,"column":null}},{"start":{"line":16,"column":15},"end":{"line":29,"column":null}}]},"2":{"loc":{"start":{"line":7,"column":12},"end":{"line":9,"column":null}},"type":"if","locations":[{"start":{"line":7,"column":12},"end":{"line":9,"column":null}}]},"3":{"loc":{"start":{"line":16,"column":15},"end":{"line":29,"column":null}},"type":"if","locations":[{"start":{"line":16,"column":15},"end":{"line":29,"column":null}}]},"4":{"loc":{"start":{"line":19,"column":12},"end":{"line":21,"column":null}},"type":"if","locations":[{"start":{"line":19,"column":12},"end":{"line":21,"column":null}}]},"5":{"loc":{"start":{"line":27,"column":19},"end":{"line":27,"column":null}},"type":"binary-expr","locations":[{"start":{"line":27,"column":19},"end":{"line":27,"column":79}},{"start":{"line":27,"column":79},"end":{"line":27,"column":null}}]}},"s":{"0":0,"1":0,"2":0,"3":0,"4":0,"5":0,"6":0,"7":0,"8":0,"9":0,"10":0,"11":0,"12":0,"13":0,"14":0,"15":0,"16":0,"17":0,"18":0,"19":0,"20":0},"f":{"0":0},"b":{"0":[0,0],"1":[0,0],"2":[0],"3":[0],"4":[0],"5":[0,0]}}
,"C:\\Users\\Reisel_Rol_7\\Desktop\\Todas las Carpetas\\TravelPort\\Intern\\Proyectos\\React - 04 (Formulario) (Vite) (Solucion 1)\\Formulario\\src\\components\\Formulario\\Formulario.jsx": {"path":"C:\\Users\\Reisel_Rol_7\\Desktop\\Todas las Carpetas\\TravelPort\\Intern\\Proyectos\\React - 04 (Formulario) (Vite) (Solucion 1)\\Formulario\\src\\components\\Formulario\\Formulario.jsx","statementMap":{"0":{"start":{"line":8,"column":16},"end":{"line":8,"column":null}},"1":{"start":{"line":1,"column":43},"end":{"line":1,"column":null}},"2":{"start":{"line":2,"column":7},"end":{"line":2,"column":null}},"3":{"start":{"line":3,"column":25},"end":{"line":3,"column":null}},"4":{"start":{"line":4,"column":21},"end":{"line":4,"column":null}},"5":{"start":{"line":5,"column":28},"end":{"line":5,"column":null}},"6":{"start":{"line":6,"column":27},"end":{"line":6,"column":null}},"7":{"start":{"line":10,"column":48},"end":{"line":10,"column":null}},"8":{"start":{"line":11,"column":17},"end":{"line":11,"column":null}},"9":{"start":{"line":12,"column":21},"end":{"line":12,"column":null}},"10":{"start":{"line":13,"column":20},"end":{"line":13,"column":null}},"11":{"start":{"line":14,"column":15},"end":{"line":14,"column":null}},"12":{"start":{"line":15,"column":25},"end":{"line":15,"column":null}},"13":{"start":{"line":17,"column":4},"end":{"line":21,"column":null}},"14":{"start":{"line":18,"column":8},"end":{"line":20,"column":null}},"15":{"start":{"line":19,"column":54},"end":{"line":19,"column":null}},"16":{"start":{"line":20,"column":13},"end":{"line":20,"column":null}},"17":{"start":{"line":23,"column":30},"end":{"line":29,"column":null}},"18":{"start":{"line":24,"column":8},"end":{"line":24,"column":null}},"19":{"start":{"line":25,"column":8},"end":{"line":25,"column":null}},"20":{"start":{"line":26,"column":8},"end":{"line":26,"column":null}},"21":{"start":{"line":27,"column":8},"end":{"line":27,"column":null}},"22":{"start":{"line":28,"column":8},"end":{"line":28,"column":null}},"23":{"start":{"line":31,"column":31},"end":{"line":33,"column":null}},"24":{"start":{"line":32,"column":8},"end":{"line":32,"column":null}},"25":{"start":{"line":47,"column":68},"end":{"line":47,"column":null}},"26":{"start":{"line":61,"column":68},"end":{"line":61,"column":null}},"27":{"start":{"line":62,"column":68},"end":{"line":62,"column":null}},"28":{"start":{"line":75,"column":68},"end":{"line":75,"column":null}},"29":{"start":{"line":85,"column":140},"end":{"line":85,"column":null}},"30":{"start":{"line":96,"column":68},"end":{"line":96,"column":null}}},"fnMap":{"0":{"name":"Formulario","decl":{"start":{"line":8,"column":16},"end":{"line":8,"column":null}},"loc":{"start":{"line":8,"column":16},"end":{"line":116,"column":null}}},"1":{"name":"(anonymous_6)","decl":{"start":{"line":17,"column":14},"end":{"line":17,"column":null}},"loc":{"start":{"line":17,"column":14},"end":{"line":21,"column":6}}},"2":{"name":"(anonymous_7)","decl":{"start":{"line":23,"column":30},"end":{"line":23,"column":null}},"loc":{"start":{"line":23,"column":30},"end":{"line":29,"column":null}}},"3":{"name":"(anonymous_8)","decl":{"start":{"line":31,"column":31},"end":{"line":31,"column":null}},"loc":{"start":{"line":31,"column":31},"end":{"line":33,"column":null}}},"4":{"name":"(anonymous_9)","decl":{"start":{"line":46,"column":75},"end":{"line":46,"column":76}},"loc":{"start":{"line":46,"column":76},"end":{"line":48,"column":null}}},"5":{"name":"(anonymous_10)","decl":{"start":{"line":60,"column":75},"end":{"line":60,"column":76}},"loc":{"start":{"line":60,"column":76},"end":{"line":63,"column":null}}},"6":{"name":"(anonymous_11)","decl":{"start":{"line":74,"column":75},"end":{"line":74,"column":76}},"loc":{"start":{"line":74,"column":76},"end":{"line":76,"column":null}}},"7":{"name":"(anonymous_12)","decl":{"start":{"line":85,"column":134},"end":{"line":85,"column":135}},"loc":{"start":{"line":85,"column":140},"end":{"line":85,"column":null}}},"8":{"name":"(anonymous_13)","decl":{"start":{"line":95,"column":75},"end":{"line":95,"column":76}},"loc":{"start":{"line":95,"column":76},"end":{"line":97,"column":null}}}},"branchMap":{"0":{"loc":{"start":{"line":18,"column":8},"end":{"line":20,"column":null}},"type":"if","locations":[{"start":{"line":18,"column":8},"end":{"line":20,"column":null}},{"start":{"line":20,"column":13},"end":{"line":20,"column":null}}]},"1":{"loc":{"start":{"line":18,"column":12},"end":{"line":19,"column":54}},"type":"binary-expr","locations":[{"start":{"line":18,"column":12},"end":{"line":18,"column":null}},{"start":{"line":19,"column":16},"end":{"line":19,"column":54}}]}},"s":{"0":24,"1":1,"2":1,"3":1,"4":1,"5":1,"6":1,"7":145,"8":145,"9":145,"10":145,"11":145,"12":145,"13":145,"14":71,"15":0,"16":71,"17":145,"18":5,"19":5,"20":5,"21":5,"22":5,"23":145,"24":0,"25":8,"26":7,"27":7,"28":3,"29":0,"30":3},"f":{"0":145,"1":71,"2":5,"3":0,"4":8,"5":7,"6":3,"7":0,"8":3},"b":{"0":[0,71],"1":[71,24]}}
,"C:\\Users\\Reisel_Rol_7\\Desktop\\Todas las Carpetas\\TravelPort\\Intern\\Proyectos\\React - 04 (Formulario) (Vite) (Solucion 1)\\Formulario\\src\\components\\Formulario\\FormErrors\\FormErrors.jsx": {"path":"C:\\Users\\Reisel_Rol_7\\Desktop\\Todas las Carpetas\\TravelPort\\Intern\\Proyectos\\React - 04 (Formulario) (Vite) (Solucion 1)\\Formulario\\src\\components\\Formulario\\FormErrors\\FormErrors.jsx","statementMap":{"0":{"start":{"line":5,"column":16},"end":{"line":5,"column":28}},"1":{"start":{"line":1,"column":18},"end":{"line":1,"column":null}},"2":{"start":{"line":2,"column":7},"end":{"line":2,"column":null}},"3":{"start":{"line":3,"column":26},"end":{"line":3,"column":null}},"4":{"start":{"line":6,"column":23},"end":{"line":6,"column":null}},"5":{"start":{"line":7,"column":23},"end":{"line":7,"column":null}},"6":{"start":{"line":8,"column":26},"end":{"line":8,"column":null}},"7":{"start":{"line":9,"column":21},"end":{"line":9,"column":null}},"8":{"start":{"line":10,"column":24},"end":{"line":12,"column":null}},"9":{"start":{"line":11,"column":8},"end":{"line":11,"column":null}},"10":{"start":{"line":13,"column":4},"end":{"line":20,"column":null}}},"fnMap":{"0":{"name":"FormErrors","decl":{"start":{"line":5,"column":16},"end":{"line":5,"column":28}},"loc":{"start":{"line":5,"column":73},"end":{"line":24,"column":null}}},"1":{"name":"(anonymous_3)","decl":{"start":{"line":10,"column":24},"end":{"line":10,"column":null}},"loc":{"start":{"line":10,"column":24},"end":{"line":12,"column":null}}}},"branchMap":{"0":{"loc":{"start":{"line":15,"column":13},"end":{"line":20,"column":null}},"type":"binary-expr","locations":[{"start":{"line":15,"column":13},"end":{"line":15,"column":34}},{"start":{"line":15,"column":34},"end":{"line":20,"column":null}}]},"1":{"loc":{"start":{"line":16,"column":43},"end":{"line":16,"column":null}},"type":"binary-expr","locations":[{"start":{"line":16,"column":43},"end":{"line":16,"column":81}},{"start":{"line":16,"column":81},"end":{"line":16,"column":null}}]},"2":{"loc":{"start":{"line":17,"column":48},"end":{"line":17,"column":null}},"type":"binary-expr","locations":[{"start":{"line":17,"column":48},"end":{"line":17,"column":91}},{"start":{"line":17,"column":91},"end":{"line":17,"column":null}}]},"3":{"loc":{"start":{"line":18,"column":43},"end":{"line":18,"column":null}},"type":"binary-expr","locations":[{"start":{"line":18,"column":43},"end":{"line":18,"column":81}},{"start":{"line":18,"column":81},"end":{"line":18,"column":null}}]},"4":{"loc":{"start":{"line":19,"column":46},"end":{"line":19,"column":null}},"type":"binary-expr","locations":[{"start":{"line":19,"column":46},"end":{"line":19,"column":87}},{"start":{"line":19,"column":87},"end":{"line":19,"column":null}}]},"5":{"loc":{"start":{"line":20,"column":41},"end":{"line":20,"column":null}},"type":"binary-expr","locations":[{"start":{"line":20,"column":41},"end":{"line":20,"column":77}},{"start":{"line":20,"column":77},"end":{"line":20,"column":null}}]}},"s":{"0":145,"1":1,"2":1,"3":1,"4":145,"5":145,"6":145,"7":145,"8":145,"9":145,"10":145},"f":{"0":145,"1":145},"b":{"0":[145,121],"1":[121,100],"2":[121,2],"3":[121,102],"4":[121,114],"5":[121,114]}}
,"C:\\Users\\Reisel_Rol_7\\Desktop\\Todas las Carpetas\\TravelPort\\Intern\\Proyectos\\React - 04 (Formulario) (Vite) (Solucion 1)\\Formulario\\src\\customHooks\\useErrorFields.js": {"path":"C:\\Users\\Reisel_Rol_7\\Desktop\\Todas las Carpetas\\TravelPort\\Intern\\Proyectos\\React - 04 (Formulario) (Vite) (Solucion 1)\\Formulario\\src\\customHooks\\useErrorFields.js","statementMap":{"0":{"start":{"line":30,"column":0},"end":{"line":30,"column":15}},"1":{"start":{"line":1,"column":33},"end":{"line":1,"column":null}},"2":{"start":{"line":3,"column":22},"end":{"line":29,"column":null}},"3":{"start":{"line":4,"column":40},"end":{"line":4,"column":null}},"4":{"start":{"line":5,"column":44},"end":{"line":5,"column":null}},"5":{"start":{"line":6,"column":54},"end":{"line":6,"column":null}},"6":{"start":{"line":7,"column":4},"end":{"line":23,"column":null}},"7":{"start":{"line":8,"column":38},"end":{"line":8,"column":null}},"8":{"start":{"line":9,"column":8},"end":{"line":14,"column":null}},"9":{"start":{"line":10,"column":12},"end":{"line":10,"column":null}},"10":{"start":{"line":11,"column":12},"end":{"line":11,"column":null}},"11":{"start":{"line":14,"column":13},"end":{"line":14,"column":null}},"12":{"start":{"line":15,"column":8},"end":{"line":21,"column":null}},"13":{"start":{"line":16,"column":12},"end":{"line":20,"column":null}},"14":{"start":{"line":17,"column":16},"end":{"line":17,"column":null}},"15":{"start":{"line":18,"column":16},"end":{"line":18,"column":null}},"16":{"start":{"line":20,"column":17},"end":{"line":20,"column":null}},"17":{"start":{"line":22,"column":8},"end":{"line":22,"column":null}},"18":{"start":{"line":24,"column":4},"end":{"line":28,"column":null}},"19":{"start":{"line":30,"column":15},"end":{"line":30,"column":null}}},"fnMap":{"0":{"name":"(anonymous_1)","decl":{"start":{"line":3,"column":22},"end":{"line":3,"column":23}},"loc":{"start":{"line":3,"column":71},"end":{"line":29,"column":null}}},"1":{"name":"(anonymous_2)","decl":{"start":{"line":7,"column":14},"end":{"line":7,"column":null}},"loc":{"start":{"line":7,"column":14},"end":{"line":23,"column":6}}}},"branchMap":{"0":{"loc":{"start":{"line":9,"column":8},"end":{"line":14,"column":null}},"type":"if","locations":[{"start":{"line":9,"column":8},"end":{"line":14,"column":null}},{"start":{"line":14,"column":13},"end":{"line":14,"column":null}}]},"1":{"loc":{"start":{"line":15,"column":8},"end":{"line":21,"column":null}},"type":"if","locations":[{"start":{"line":15,"column":8},"end":{"line":21,"column":null}}]},"2":{"loc":{"start":{"line":16,"column":12},"end":{"line":20,"column":null}},"type":"if","locations":[{"start":{"line":16,"column":12},"end":{"line":20,"column":null}},{"start":{"line":20,"column":17},"end":{"line":20,"column":null}}]},"3":{"loc":{"start":{"line":16,"column":16},"end":{"line":16,"column":89}},"type":"binary-expr","locations":[{"start":{"line":16,"column":16},"end":{"line":16,"column":59}},{"start":{"line":16,"column":59},"end":{"line":16,"column":89}}]}},"s":{"0":580,"1":1,"2":1,"3":580,"4":580,"5":580,"6":580,"7":240,"8":240,"9":200,"10":200,"11":40,"12":240,"13":64,"14":2,"15":2,"16":62,"17":240,"18":580,"19":1},"f":{"0":580,"1":240},"b":{"0":[200,40],"1":[64],"2":[2,62],"3":[64,64]}}
,"C:\\Users\\Reisel_Rol_7\\Desktop\\Todas las Carpetas\\TravelPort\\Intern\\Proyectos\\React - 04 (Formulario) (Vite) (Solucion 1)\\Formulario\\src\\customHooks\\useField.js": {"path":"C:\\Users\\Reisel_Rol_7\\Desktop\\Todas las Carpetas\\TravelPort\\Intern\\Proyectos\\React - 04 (Formulario) (Vite) (Solucion 1)\\Formulario\\src\\customHooks\\useField.js","statementMap":{"0":{"start":{"line":63,"column":0},"end":{"line":63,"column":15}},"1":{"start":{"line":1,"column":33},"end":{"line":1,"column":null}},"2":{"start":{"line":3,"column":17},"end":{"line":62,"column":null}},"3":{"start":{"line":4,"column":4},"end":{"line":4,"column":null}},"4":{"start":{"line":5,"column":38},"end":{"line":5,"column":null}},"5":{"start":{"line":6,"column":30},"end":{"line":6,"column":null}},"6":{"start":{"line":7,"column":38},"end":{"line":7,"column":null}},"7":{"start":{"line":8,"column":30},"end":{"line":8,"column":null}},"8":{"start":{"line":9,"column":4},"end":{"line":27,"column":null}},"9":{"start":{"line":10,"column":25},"end":{"line":10,"column":null}},"10":{"start":{"line":11,"column":29},"end":{"line":11,"column":null}},"11":{"start":{"line":12,"column":8},"end":{"line":24,"column":null}},"12":{"start":{"line":13,"column":12},"end":{"line":13,"column":null}},"13":{"start":{"line":14,"column":12},"end":{"line":14,"column":null}},"14":{"start":{"line":17,"column":12},"end":{"line":17,"column":null}},"15":{"start":{"line":17,"column":42},"end":{"line":17,"column":null}},"16":{"start":{"line":18,"column":12},"end":{"line":23,"column":null}},"17":{"start":{"line":19,"column":16},"end":{"line":22,"column":null}},"18":{"start":{"line":20,"column":20},"end":{"line":20,"column":null}},"19":{"start":{"line":21,"column":20},"end":{"line":21,"column":null}},"20":{"start":{"line":25,"column":8},"end":{"line":25,"column":null}},"21":{"start":{"line":26,"column":8},"end":{"line":26,"column":null}},"22":{"start":{"line":28,"column":20},"end":{"line":46,"column":null}},"23":{"start":{"line":29,"column":25},"end":{"line":29,"column":null}},"24":{"start":{"line":30,"column":29},"end":{"line":30,"column":null}},"25":{"start":{"line":31,"column":8},"end":{"line":43,"column":null}},"26":{"start":{"line":32,"column":12},"end":{"line":32,"column":null}},"27":{"start":{"line":33,"column":12},"end":{"line":33,"column":null}},"28":{"start":{"line":36,"column":12},"end":{"line":36,"column":null}},"29":{"start":{"line":36,"column":42},"end":{"line":36,"column":null}},"30":{"start":{"line":37,"column":12},"end":{"line":42,"column":null}},"31":{"start":{"line":38,"column":16},"end":{"line":41,"column":null}},"32":{"start":{"line":39,"column":20},"end":{"line":39,"column":null}},"33":{"start":{"line":40,"column":20},"end":{"line":40,"column":null}},"34":{"start":{"line":44,"column":8},"end":{"line":44,"column":null}},"35":{"start":{"line":45,"column":8},"end":{"line":45,"column":null}},"36":{"start":{"line":47,"column":21},"end":{"line":49,"column":null}},"37":{"start":{"line":48,"column":8},"end":{"line":48,"column":null}},"38":{"start":{"line":50,"column":23},"end":{"line":50,"column":null}},"39":{"start":{"line":50,"column":29},"end":{"line":50,"column":null}},"40":{"start":{"line":51,"column":4},"end":{"line":61,"column":null}},"41":{"start":{"line":63,"column":15},"end":{"line":63,"column":null}}},"fnMap":{"0":{"name":"(anonymous_1)","decl":{"start":{"line":3,"column":17},"end":{"line":3,"column":18}},"loc":{"start":{"line":3,"column":46},"end":{"line":62,"column":null}}},"1":{"name":"(anonymous_2)","decl":{"start":{"line":9,"column":14},"end":{"line":9,"column":null}},"loc":{"start":{"line":9,"column":14},"end":{"line":27,"column":7}}},"2":{"name":"(anonymous_3)","decl":{"start":{"line":28,"column":20},"end":{"line":28,"column":null}},"loc":{"start":{"line":28,"column":20},"end":{"line":46,"column":null}}},"3":{"name":"(anonymous_4)","decl":{"start":{"line":47,"column":21},"end":{"line":47,"column":22}},"loc":{"start":{"line":47,"column":22},"end":{"line":49,"column":null}}},"4":{"name":"(anonymous_5)","decl":{"start":{"line":50,"column":23},"end":{"line":50,"column":29}},"loc":{"start":{"line":50,"column":29},"end":{"line":50,"column":null}}}},"branchMap":{"0":{"loc":{"start":{"line":4,"column":16},"end":{"line":4,"column":null}},"type":"cond-expr","locations":[{"start":{"line":4,"column":41},"end":{"line":4,"column":46}},{"start":{"line":4,"column":46},"end":{"line":4,"column":null}}]},"1":{"loc":{"start":{"line":12,"column":8},"end":{"line":24,"column":null}},"type":"if","locations":[{"start":{"line":12,"column":8},"end":{"line":24,"column":null}},{"start":{"line":16,"column":13},"end":{"line":24,"column":null}}]},"2":{"loc":{"start":{"line":17,"column":12},"end":{"line":17,"column":null}},"type":"if","locations":[{"start":{"line":17,"column":12},"end":{"line":17,"column":null}}]},"3":{"loc":{"start":{"line":18,"column":12},"end":{"line":23,"column":null}},"type":"if","locations":[{"start":{"line":18,"column":12},"end":{"line":23,"column":null}}]},"4":{"loc":{"start":{"line":19,"column":16},"end":{"line":22,"column":null}},"type":"if","locations":[{"start":{"line":19,"column":16},"end":{"line":22,"column":null}}]},"5":{"loc":{"start":{"line":19,"column":20},"end":{"line":19,"column":83}},"type":"binary-expr","locations":[{"start":{"line":19,"column":20},"end":{"line":19,"column":55}},{"start":{"line":19,"column":55},"end":{"line":19,"column":83}}]},"6":{"loc":{"start":{"line":31,"column":8},"end":{"line":43,"column":null}},"type":"if","locations":[{"start":{"line":31,"column":8},"end":{"line":43,"column":null}},{"start":{"line":35,"column":13},"end":{"line":43,"column":null}}]},"7":{"loc":{"start":{"line":36,"column":12},"end":{"line":36,"column":null}},"type":"if","locations":[{"start":{"line":36,"column":12},"end":{"line":36,"column":null}}]},"8":{"loc":{"start":{"line":37,"column":12},"end":{"line":42,"column":null}},"type":"if","locations":[{"start":{"line":37,"column":12},"end":{"line":42,"column":null}}]},"9":{"loc":{"start":{"line":38,"column":16},"end":{"line":41,"column":null}},"type":"if","locations":[{"start":{"line":38,"column":16},"end":{"line":41,"column":null}}]},"10":{"loc":{"start":{"line":38,"column":20},"end":{"line":38,"column":83}},"type":"binary-expr","locations":[{"start":{"line":38,"column":20},"end":{"line":38,"column":55}},{"start":{"line":38,"column":55},"end":{"line":38,"column":83}}]}},"s":{"0":580,"1":1,"2":1,"3":580,"4":580,"5":580,"6":580,"7":580,"8":580,"9":122,"10":122,"11":122,"12":100,"13":100,"14":22,"15":1,"16":22,"17":9,"18":2,"19":2,"20":122,"21":122,"22":580,"23":7,"24":7,"25":7,"26":5,"27":5,"28":2,"29":0,"30":2,"31":2,"32":0,"33":0,"34":7,"35":7,"36":580,"37":21,"38":580,"39":20,"40":580,"41":1},"f":{"0":580,"1":122,"2":7,"3":21,"4":20},"b":{"0":[435,145],"1":[100,22],"2":[1],"3":[9],"4":[2],"5":[9,9],"6":[5,2],"7":[0],"8":[2],"9":[0],"10":[2,2]}}
,"C:\\Users\\Reisel_Rol_7\\Desktop\\Todas las Carpetas\\TravelPort\\Intern\\Proyectos\\React - 04 (Formulario) (Vite) (Solucion 1)\\Formulario\\src\\customHooks\\useLocalization.js": {"path":"C:\\Users\\Reisel_Rol_7\\Desktop\\Todas las Carpetas\\TravelPort\\Intern\\Proyectos\\React - 04 (Formulario) (Vite) (Solucion 1)\\Formulario\\src\\customHooks\\useLocalization.js","statementMap":{"0":{"start":{"line":14,"column":0},"end":{"line":14,"column":15}},"1":{"start":{"line":1,"column":22},"end":{"line":1,"column":null}},"2":{"start":{"line":3,"column":24},"end":{"line":13,"column":null}},"3":{"start":{"line":4,"column":44},"end":{"line":4,"column":null}},"4":{"start":{"line":5,"column":20},"end":{"line":7,"column":null}},"5":{"start":{"line":6,"column":8},"end":{"line":6,"column":null}},"6":{"start":{"line":8,"column":4},"end":{"line":12,"column":null}},"7":{"start":{"line":14,"column":15},"end":{"line":14,"column":null}}},"fnMap":{"0":{"name":"(anonymous_1)","decl":{"start":{"line":3,"column":24},"end":{"line":3,"column":25}},"loc":{"start":{"line":3,"column":44},"end":{"line":13,"column":null}}},"1":{"name":"(anonymous_2)","decl":{"start":{"line":5,"column":20},"end":{"line":5,"column":21}},"loc":{"start":{"line":5,"column":21},"end":{"line":7,"column":null}}}},"branchMap":{},"s":{"0":145,"1":1,"2":1,"3":145,"4":145,"5":0,"6":145,"7":1},"f":{"0":145,"1":0},"b":{}}
}
