TN:
SF:src\Services\Formulario\IDservice.js
FN:1,checkIsWellTheId
FNF:1
FNH:0
FNDA:0,checkIsWellTheId
DA:1,0
DA:2,0
DA:4,0
DA:5,0
DA:7,0
DA:8,0
DA:11,0
DA:12,0
DA:13,0
DA:14,0
DA:15,0
DA:16,0
DA:17,0
DA:19,0
DA:20,0
DA:22,0
DA:23,0
DA:24,0
DA:25,0
DA:27,0
LF:20
LH:0
BRDA:2,0,0,0
BRDA:2,0,1,0
BRDA:4,1,0,0
BRDA:4,1,1,0
BRDA:7,2,0,0
BRDA:16,3,0,0
BRDA:19,4,0,0
BRDA:27,5,0,0
BRDA:27,5,1,0
BRF:9
BRH:0
end_of_record
TN:
SF:src\components\Formulario\Formulario.jsx
FN:8,Formulario
FN:17,(anonymous_6)
FN:23,(anonymous_7)
FN:31,(anonymous_8)
FN:46,(anonymous_9)
FN:60,(anonymous_10)
FN:74,(anonymous_11)
FN:85,(anonymous_12)
FN:95,(anonymous_13)
FNF:9
FNH:7
FNDA:145,Formulario
FNDA:71,(anonymous_6)
FNDA:5,(anonymous_7)
FNDA:0,(anonymous_8)
FNDA:8,(anonymous_9)
FNDA:7,(anonymous_10)
FNDA:3,(anonymous_11)
FNDA:0,(anonymous_12)
FNDA:3,(anonymous_13)
DA:1,1
DA:2,1
DA:3,1
DA:4,1
DA:5,1
DA:6,1
DA:8,24
DA:10,145
DA:11,145
DA:12,145
DA:13,145
DA:14,145
DA:15,145
DA:17,145
DA:18,71
DA:19,0
DA:20,71
DA:23,145
DA:24,5
DA:25,5
DA:26,5
DA:27,5
DA:28,5
DA:31,145
DA:32,0
DA:47,8
DA:61,7
DA:62,7
DA:75,3
DA:85,0
DA:96,3
LF:31
LH:28
BRDA:18,0,0,0
BRDA:18,0,1,71
BRDA:18,1,0,71
BRDA:18,1,1,24
BRF:4
BRH:3
end_of_record
TN:
SF:src\components\Formulario\FormErrors\FormErrors.jsx
FN:5,FormErrors
FN:10,(anonymous_3)
FNF:2
FNH:2
FNDA:145,FormErrors
FNDA:145,(anonymous_3)
DA:1,1
DA:2,1
DA:3,1
DA:5,145
DA:6,145
DA:7,145
DA:8,145
DA:9,145
DA:10,145
DA:11,145
DA:13,145
LF:11
LH:11
BRDA:15,0,0,145
BRDA:15,0,1,121
BRDA:16,1,0,121
BRDA:16,1,1,100
BRDA:17,2,0,121
BRDA:17,2,1,2
BRDA:18,3,0,121
BRDA:18,3,1,102
BRDA:19,4,0,121
BRDA:19,4,1,114
BRDA:20,5,0,121
BRDA:20,5,1,114
BRF:12
BRH:12
end_of_record
TN:
SF:src\customHooks\useErrorFields.js
FN:3,(anonymous_1)
FN:7,(anonymous_2)
FNF:2
FNH:2
FNDA:580,(anonymous_1)
FNDA:240,(anonymous_2)
DA:1,1
DA:3,1
DA:4,580
DA:5,580
DA:6,580
DA:7,580
DA:8,240
DA:9,240
DA:10,200
DA:11,200
DA:14,40
DA:15,240
DA:16,64
DA:17,2
DA:18,2
DA:20,62
DA:22,240
DA:24,580
DA:30,580
LF:19
LH:19
BRDA:9,0,0,200
BRDA:9,0,1,40
BRDA:15,1,0,64
BRDA:16,2,0,2
BRDA:16,2,1,62
BRDA:16,3,0,64
BRDA:16,3,1,64
BRF:7
BRH:7
end_of_record
TN:
SF:src\customHooks\useField.js
FN:3,(anonymous_1)
FN:9,(anonymous_2)
FN:28,(anonymous_3)
FN:47,(anonymous_4)
FN:50,(anonymous_5)
FNF:5
FNH:5
FNDA:580,(anonymous_1)
FNDA:122,(anonymous_2)
FNDA:7,(anonymous_3)
FNDA:21,(anonymous_4)
FNDA:20,(anonymous_5)
DA:1,1
DA:3,1
DA:4,580
DA:5,580
DA:6,580
DA:7,580
DA:8,580
DA:9,580
DA:10,122
DA:11,122
DA:12,122
DA:13,100
DA:14,100
DA:17,22
DA:18,22
DA:19,9
DA:20,2
DA:21,2
DA:25,122
DA:26,122
DA:28,580
DA:29,7
DA:30,7
DA:31,7
DA:32,5
DA:33,5
DA:36,2
DA:37,2
DA:38,2
DA:39,0
DA:40,0
DA:44,7
DA:45,7
DA:47,580
DA:48,21
DA:50,580
DA:51,580
DA:63,580
LF:38
LH:36
BRDA:4,0,0,435
BRDA:4,0,1,145
BRDA:12,1,0,100
BRDA:12,1,1,22
BRDA:17,2,0,1
BRDA:18,3,0,9
BRDA:19,4,0,2
BRDA:19,5,0,9
BRDA:19,5,1,9
BRDA:31,6,0,5
BRDA:31,6,1,2
BRDA:36,7,0,0
BRDA:37,8,0,2
BRDA:38,9,0,0
BRDA:38,10,0,2
BRDA:38,10,1,2
BRF:16
BRH:14
end_of_record
TN:
SF:src\customHooks\useLocalization.js
FN:3,(anonymous_1)
FN:5,(anonymous_2)
FNF:2
FNH:1
FNDA:145,(anonymous_1)
FNDA:0,(anonymous_2)
DA:1,1
DA:3,1
DA:4,145
DA:5,145
DA:6,0
DA:8,145
DA:14,145
LF:7
LH:6
BRF:0
BRH:0
end_of_record
