<?xml version="1.0" encoding="UTF-8"?>
<coverage generated="1695758427222" clover="3.2.0">
  <project timestamp="1695758427222" name="All files">
    <metrics statements="147" coveredstatements="105" conditionals="79" coveredconditionals="53" methods="28" coveredmethods="21" elements="254" coveredelements="179" complexity="0" loc="147" ncloc="147" packages="7" files="7" classes="7"/>
    <package name="components.FormErros">
      <metrics statements="11" coveredstatements="11" conditionals="3" coveredconditionals="3" methods="4" coveredmethods="4"/>
      <file name="FormErrors.jsx" path="C:\Users\Reisel_Rol_7\Desktop\Todas las Carpetas\TravelPort\Intern\Proyectos\React - 04 (Formulario) (Vite) V2\Formulario\src\components\FormErros\FormErrors.jsx">
        <metrics statements="11" coveredstatements="11" conditionals="3" coveredconditionals="3" methods="4" coveredmethods="4"/>
        <line num="1" count="1" type="stmt"/>
        <line num="2" count="1" type="stmt"/>
        <line num="4" count="105" type="stmt"/>
        <line num="5" count="95" type="stmt"/>
        <line num="7" count="95" type="stmt"/>
        <line num="8" count="78" type="stmt"/>
        <line num="9" count="390" type="stmt"/>
        <line num="10" count="78" type="cond" truecount="1" falsecount="0"/>
        <line num="12" count="95" type="stmt"/>
        <line num="18" count="95" type="stmt"/>
        <line num="21" count="19" type="stmt"/>
      </file>
    </package>
    <package name="components.FormInfo">
      <metrics statements="3" coveredstatements="1" conditionals="0" coveredconditionals="0" methods="1" coveredmethods="0"/>
      <file name="FormInfo.jsx" path="C:\Users\Reisel_Rol_7\Desktop\Todas las Carpetas\TravelPort\Intern\Proyectos\React - 04 (Formulario) (Vite) V2\Formulario\src\components\FormInfo\FormInfo.jsx">
        <metrics statements="3" coveredstatements="1" conditionals="0" coveredconditionals="0" methods="1" coveredmethods="0"/>
        <line num="1" count="1" type="stmt"/>
        <line num="3" count="0" type="stmt"/>
        <line num="4" count="0" type="stmt"/>
      </file>
    </package>
    <package name="components.Formulario">
      <metrics statements="33" coveredstatements="28" conditionals="27" coveredconditionals="22" methods="7" coveredmethods="4"/>
      <file name="Formulario.jsx" path="C:\Users\Reisel_Rol_7\Desktop\Todas las Carpetas\TravelPort\Intern\Proyectos\React - 04 (Formulario) (Vite) V2\Formulario\src\components\Formulario\Formulario.jsx">
        <metrics statements="33" coveredstatements="28" conditionals="27" coveredconditionals="22" methods="7" coveredmethods="4"/>
        <line num="1" count="1" type="stmt"/>
        <line num="2" count="1" type="stmt"/>
        <line num="3" count="1" type="stmt"/>
        <line num="4" count="1" type="stmt"/>
        <line num="5" count="1" type="stmt"/>
        <line num="6" count="1" type="stmt"/>
        <line num="7" count="1" type="stmt"/>
        <line num="9" count="26" type="stmt"/>
        <line num="10" count="105" type="cond" truecount="1" falsecount="1"/>
        <line num="11" count="105" type="stmt"/>
        <line num="12" count="105" type="stmt"/>
        <line num="19" count="105" type="stmt"/>
        <line num="20" count="105" type="stmt"/>
        <line num="21" count="0" type="stmt"/>
        <line num="23" count="105" type="stmt"/>
        <line num="24" count="78" type="cond" truecount="4" falsecount="0"/>
        <line num="26" count="16" type="stmt"/>
        <line num="27" count="62" type="stmt"/>
        <line num="29" count="78" type="cond" truecount="3" falsecount="2"/>
        <line num="32" count="0" type="stmt"/>
        <line num="33" count="78" type="stmt"/>
        <line num="35" count="78" type="cond" truecount="4" falsecount="0"/>
        <line num="37" count="12" type="stmt"/>
        <line num="38" count="66" type="stmt"/>
        <line num="41" count="105" type="stmt"/>
        <line num="43" count="105" type="stmt"/>
        <line num="44" count="525" type="cond" truecount="3" falsecount="0"/>
        <line num="45" count="352" type="stmt"/>
        <line num="46" count="105" type="stmt"/>
        <line num="48" count="105" type="stmt"/>
        <line num="49" count="0" type="cond" truecount="0" falsecount="1"/>
        <line num="50" count="0" type="stmt"/>
        <line num="51" count="0" type="stmt"/>
      </file>
    </package>
    <package name="components.Inputs">
      <metrics statements="4" coveredstatements="4" conditionals="4" coveredconditionals="4" methods="2" coveredmethods="2"/>
      <file name="Input.jsx" path="C:\Users\Reisel_Rol_7\Desktop\Todas las Carpetas\TravelPort\Intern\Proyectos\React - 04 (Formulario) (Vite) V2\Formulario\src\components\Inputs\Input.jsx">
        <metrics statements="4" coveredstatements="4" conditionals="4" coveredconditionals="4" methods="2" coveredmethods="2"/>
        <line num="1" count="1" type="stmt"/>
        <line num="3" count="525" type="stmt"/>
        <line num="5" count="390" type="stmt"/>
        <line num="31" count="234" type="stmt"/>
      </file>
    </package>
    <package name="customHooks">
      <metrics statements="72" coveredstatements="53" conditionals="36" coveredconditionals="22" methods="12" coveredmethods="9"/>
      <file name="useInput.js" path="C:\Users\Reisel_Rol_7\Desktop\Todas las Carpetas\TravelPort\Intern\Proyectos\React - 04 (Formulario) (Vite) V2\Formulario\src\customHooks\useInput.js">
        <metrics statements="72" coveredstatements="53" conditionals="36" coveredconditionals="22" methods="12" coveredmethods="9"/>
        <line num="1" count="1" type="stmt"/>
        <line num="2" count="1" type="stmt"/>
        <line num="4" count="1" type="stmt"/>
        <line num="6" count="525" type="cond" truecount="1" falsecount="1"/>
        <line num="7" count="525" type="cond" truecount="2" falsecount="0"/>
        <line num="8" count="525" type="cond" truecount="2" falsecount="0"/>
        <line num="10" count="525" type="cond" truecount="3" falsecount="1"/>
        <line num="11" count="525" type="stmt"/>
        <line num="12" count="525" type="stmt"/>
        <line num="13" count="525" type="stmt"/>
        <line num="15" count="525" type="stmt"/>
        <line num="16" count="280" type="stmt"/>
        <line num="17" count="280" type="cond" truecount="1" falsecount="0"/>
        <line num="18" count="280" type="stmt"/>
        <line num="20" count="525" type="stmt"/>
        <line num="21" count="46" type="stmt"/>
        <line num="22" count="46" type="cond" truecount="2" falsecount="0"/>
        <line num="23" count="8" type="cond" truecount="1" falsecount="0"/>
        <line num="24" count="4" type="stmt"/>
        <line num="25" count="4" type="stmt"/>
        <line num="27" count="38" type="cond" truecount="0" falsecount="1"/>
        <line num="28" count="0" type="stmt"/>
        <line num="29" count="0" type="stmt"/>
        <line num="31" count="46" type="cond" truecount="1" falsecount="0"/>
        <line num="33" count="46" type="stmt"/>
        <line num="35" count="525" type="stmt"/>
        <line num="36" count="0" type="stmt"/>
        <line num="37" count="0" type="cond" truecount="0" falsecount="2"/>
        <line num="38" count="0" type="cond" truecount="0" falsecount="1"/>
        <line num="39" count="0" type="stmt"/>
        <line num="40" count="0" type="stmt"/>
        <line num="42" count="0" type="cond" truecount="0" falsecount="1"/>
        <line num="43" count="0" type="stmt"/>
        <line num="44" count="0" type="stmt"/>
        <line num="46" count="0" type="stmt"/>
        <line num="48" count="525" type="stmt"/>
        <line num="49" count="183" type="cond" truecount="1" falsecount="0"/>
        <line num="50" count="46" type="stmt"/>
        <line num="51" count="46" type="stmt"/>
        <line num="52" count="46" type="stmt"/>
        <line num="53" count="46" type="cond" truecount="1" falsecount="1"/>
        <line num="54" count="0" type="cond" truecount="0" falsecount="1"/>
        <line num="55" count="46" type="cond" truecount="2" falsecount="0"/>
        <line num="56" count="46" type="stmt"/>
        <line num="57" count="46" type="cond" truecount="1" falsecount="0"/>
        <line num="61" count="525" type="stmt"/>
        <line num="62" count="183" type="stmt"/>
        <line num="65" count="525" type="stmt"/>
        <line num="66" count="0" type="stmt"/>
        <line num="69" count="525" type="stmt"/>
        <line num="70" count="33" type="cond" truecount="1" falsecount="1"/>
        <line num="71" count="0" type="cond" truecount="0" falsecount="1"/>
        <line num="72" count="33" type="stmt"/>
        <line num="74" count="525" type="stmt"/>
        <line num="75" count="28" type="cond" truecount="1" falsecount="0"/>
        <line num="76" count="14" type="stmt"/>
        <line num="77" count="14" type="stmt"/>
        <line num="78" count="14" type="stmt"/>
        <line num="79" count="14" type="cond" truecount="1" falsecount="0"/>
        <line num="83" count="525" type="stmt"/>
        <line num="84" count="1" type="stmt"/>
        <line num="85" count="1" type="stmt"/>
        <line num="87" count="525" type="stmt"/>
        <line num="88" count="0" type="stmt"/>
        <line num="89" count="0" type="cond" truecount="0" falsecount="2"/>
        <line num="90" count="0" type="cond" truecount="0" falsecount="1"/>
        <line num="91" count="0" type="stmt"/>
        <line num="92" count="0" type="stmt"/>
        <line num="95" count="525" type="stmt"/>
        <line num="96" count="206" type="cond" truecount="1" falsecount="0"/>
        <line num="99" count="525" type="stmt"/>
        <line num="120" count="525" type="stmt"/>
      </file>
    </package>
    <package name="engine">
      <metrics statements="4" coveredstatements="4" conditionals="1" coveredconditionals="0" methods="1" coveredmethods="1"/>
      <file name="engine.js" path="C:\Users\Reisel_Rol_7\Desktop\Todas las Carpetas\TravelPort\Intern\Proyectos\React - 04 (Formulario) (Vite) V2\Formulario\src\engine\engine.js">
        <metrics statements="4" coveredstatements="4" conditionals="1" coveredconditionals="0" methods="1" coveredmethods="1"/>
        <line num="1" count="1" type="stmt"/>
        <line num="2" count="1" type="stmt"/>
        <line num="3" count="1" type="cond" truecount="0" falsecount="1"/>
        <line num="4" count="1" type="stmt"/>
      </file>
    </package>
    <package name="services">
      <metrics statements="20" coveredstatements="4" conditionals="8" coveredconditionals="2" methods="1" coveredmethods="1"/>
      <file name="IDservice.js" path="C:\Users\Reisel_Rol_7\Desktop\Todas las Carpetas\TravelPort\Intern\Proyectos\React - 04 (Formulario) (Vite) V2\Formulario\src\services\IDservice.js">
        <metrics statements="20" coveredstatements="4" conditionals="8" coveredconditionals="2" methods="1" coveredmethods="1"/>
        <line num="1" count="12" type="stmt"/>
        <line num="2" count="12" type="cond" truecount="1" falsecount="1"/>
        <line num="3" count="0" type="stmt"/>
        <line num="4" count="0" type="cond" truecount="0" falsecount="1"/>
        <line num="5" count="0" type="stmt"/>
        <line num="7" count="0" type="stmt"/>
        <line num="8" count="0" type="stmt"/>
        <line num="9" count="0" type="stmt"/>
        <line num="10" count="0" type="stmt"/>
        <line num="11" count="0" type="stmt"/>
        <line num="12" count="12" type="cond" truecount="1" falsecount="1"/>
        <line num="13" count="0" type="stmt"/>
        <line num="14" count="0" type="cond" truecount="0" falsecount="1"/>
        <line num="15" count="0" type="stmt"/>
        <line num="17" count="0" type="stmt"/>
        <line num="18" count="0" type="stmt"/>
        <line num="19" count="0" type="stmt"/>
        <line num="20" count="0" type="stmt"/>
        <line num="21" count="0" type="cond" truecount="0" falsecount="2"/>
        <line num="22" count="12" type="stmt"/>
      </file>
    </package>
  </project>
</coverage>
