{"C:\\Users\\Reisel_Rol_7\\Desktop\\Todas las Carpetas\\TravelPort\\Intern\\Proyectos\\React - 04 (Formulario) (Vite) V2\\Formulario\\src\\components\\FormErros\\FormErrors.jsx": {"path":"C:\\Users\\Reisel_Rol_7\\Desktop\\Todas las Carpetas\\TravelPort\\Intern\\Proyectos\\React - 04 (Formulario) (Vite) V2\\Formulario\\src\\components\\FormErros\\FormErrors.jsx","statementMap":{"0":{"start":{"line":4,"column":16},"end":{"line":4,"column":27}},"1":{"start":{"line":1,"column":43},"end":{"line":1,"column":null}},"2":{"start":{"line":2,"column":7},"end":{"line":2,"column":null}},"3":{"start":{"line":5,"column":40},"end":{"line":5,"column":null}},"4":{"start":{"line":7,"column":4},"end":{"line":11,"column":null}},"5":{"start":{"line":8,"column":26},"end":{"line":8,"column":null}},"6":{"start":{"line":9,"column":8},"end":{"line":9,"column":null}},"7":{"start":{"line":9,"column":25},"end":{"line":9,"column":28}},"8":{"start":{"line":9,"column":60},"end":{"line":9,"column":null}},"9":{"start":{"line":10,"column":8},"end":{"line":10,"column":null}},"10":{"start":{"line":10,"column":40},"end":{"line":10,"column":null}},"11":{"start":{"line":12,"column":4},"end":{"line":25,"column":null}},"12":{"start":{"line":18,"column":20},"end":{"line":22,"column":null}},"13":{"start":{"line":21,"column":32},"end":{"line":21,"column":null}}},"fnMap":{"0":{"name":"FormErrors","decl":{"start":{"line":4,"column":16},"end":{"line":4,"column":27}},"loc":{"start":{"line":4,"column":43},"end":{"line":31,"column":null}}},"1":{"name":"(anonymous_5)","decl":{"start":{"line":7,"column":14},"end":{"line":7,"column":null}},"loc":{"start":{"line":7,"column":14},"end":{"line":11,"column":7}}},"2":{"name":"(anonymous_6)","decl":{"start":{"line":17,"column":28},"end":{"line":17,"column":29}},"loc":{"start":{"line":17,"column":36},"end":{"line":25,"column":null}}},"3":{"name":"(anonymous_7)","decl":{"start":{"line":20,"column":52},"end":{"line":20,"column":null}},"loc":{"start":{"line":20,"column":52},"end":{"line":22,"column":null}}}},"branchMap":{"0":{"loc":{"start":{"line":10,"column":8},"end":{"line":10,"column":null}},"type":"if","locations":[{"start":{"line":10,"column":8},"end":{"line":10,"column":null}}]},"1":{"loc":{"start":{"line":15,"column":12},"end":{"line":25,"column":null}},"type":"binary-expr","locations":[{"start":{"line":15,"column":12},"end":{"line":15,"column":null}},{"start":{"line":16,"column":12},"end":{"line":25,"column":null}}]}},"s":{"0":105,"1":1,"2":1,"3":95,"4":95,"5":78,"6":78,"7":78,"8":390,"9":78,"10":17,"11":95,"12":95,"13":19},"f":{"0":95,"1":78,"2":95,"3":19},"b":{"0":[17],"1":[95,19]}}
,"C:\\Users\\Reisel_Rol_7\\Desktop\\Todas las Carpetas\\TravelPort\\Intern\\Proyectos\\React - 04 (Formulario) (Vite) V2\\Formulario\\src\\components\\FormInfo\\FormInfo.jsx": {"path":"C:\\Users\\Reisel_Rol_7\\Desktop\\Todas las Carpetas\\TravelPort\\Intern\\Proyectos\\React - 04 (Formulario) (Vite) V2\\Formulario\\src\\components\\FormInfo\\FormInfo.jsx","statementMap":{"0":{"start":{"line":3,"column":16},"end":{"line":3,"column":25}},"1":{"start":{"line":1,"column":7},"end":{"line":1,"column":null}},"2":{"start":{"line":4,"column":4},"end":{"line":10,"column":null}}},"fnMap":{"0":{"name":"FormInfo","decl":{"start":{"line":3,"column":16},"end":{"line":3,"column":25}},"loc":{"start":{"line":3,"column":33},"end":{"line":17,"column":null}}}},"branchMap":{},"s":{"0":0,"1":1,"2":0},"f":{"0":0},"b":{}}
,"C:\\Users\\Reisel_Rol_7\\Desktop\\Todas las Carpetas\\TravelPort\\Intern\\Proyectos\\React - 04 (Formulario) (Vite) V2\\Formulario\\src\\components\\Formulario\\Formulario.jsx": {"path":"C:\\Users\\Reisel_Rol_7\\Desktop\\Todas las Carpetas\\TravelPort\\Intern\\Proyectos\\React - 04 (Formulario) (Vite) V2\\Formulario\\src\\components\\Formulario\\Formulario.jsx","statementMap":{"0":{"start":{"line":9,"column":16},"end":{"line":9,"column":27}},"1":{"start":{"line":1,"column":43},"end":{"line":1,"column":null}},"2":{"start":{"line":2,"column":7},"end":{"line":2,"column":null}},"3":{"start":{"line":3,"column":21},"end":{"line":3,"column":null}},"4":{"start":{"line":4,"column":27},"end":{"line":4,"column":null}},"5":{"start":{"line":5,"column":22},"end":{"line":5,"column":null}},"6":{"start":{"line":6,"column":27},"end":{"line":6,"column":null}},"7":{"start":{"line":7,"column":25},"end":{"line":7,"column":null}},"8":{"start":{"line":10,"column":4},"end":{"line":10,"column":null}},"9":{"start":{"line":11,"column":50},"end":{"line":11,"column":null}},"10":{"start":{"line":12,"column":19},"end":{"line":18,"column":null}},"11":{"start":{"line":19,"column":18},"end":{"line":19,"column":null}},"12":{"start":{"line":20,"column":25},"end":{"line":22,"column":null}},"13":{"start":{"line":21,"column":8},"end":{"line":21,"column":null}},"14":{"start":{"line":21,"column":25},"end":{"line":21,"column":28}},"15":{"start":{"line":21,"column":60},"end":{"line":21,"column":null}},"16":{"start":{"line":23,"column":4},"end":{"line":40,"column":null}},"17":{"start":{"line":24,"column":8},"end":{"line":27,"column":null}},"18":{"start":{"line":26,"column":12},"end":{"line":26,"column":null}},"19":{"start":{"line":27,"column":15},"end":{"line":27,"column":null}},"20":{"start":{"line":29,"column":8},"end":{"line":33,"column":null}},"21":{"start":{"line":32,"column":16},"end":{"line":32,"column":null}},"22":{"start":{"line":33,"column":15},"end":{"line":33,"column":null}},"23":{"start":{"line":35,"column":8},"end":{"line":38,"column":null}},"24":{"start":{"line":37,"column":16},"end":{"line":37,"column":null}},"25":{"start":{"line":38,"column":15},"end":{"line":38,"column":null}},"26":{"start":{"line":41,"column":29},"end":{"line":47,"column":null}},"27":{"start":{"line":43,"column":24},"end":{"line":43,"column":null}},"28":{"start":{"line":44,"column":8},"end":{"line":45,"column":null}},"29":{"start":{"line":44,"column":25},"end":{"line":44,"column":28}},"30":{"start":{"line":44,"column":60},"end":{"line":45,"column":null}},"31":{"start":{"line":45,"column":101},"end":{"line":45,"column":null}},"32":{"start":{"line":46,"column":8},"end":{"line":46,"column":null}},"33":{"start":{"line":48,"column":27},"end":{"line":53,"column":null}},"34":{"start":{"line":49,"column":8},"end":{"line":52,"column":null}},"35":{"start":{"line":50,"column":12},"end":{"line":50,"column":null}},"36":{"start":{"line":51,"column":12},"end":{"line":51,"column":null}}},"fnMap":{"0":{"name":"Formulario","decl":{"start":{"line":9,"column":16},"end":{"line":9,"column":27}},"loc":{"start":{"line":9,"column":57},"end":{"line":80,"column":null}}},"1":{"name":"(anonymous_6)","decl":{"start":{"line":20,"column":25},"end":{"line":20,"column":null}},"loc":{"start":{"line":20,"column":25},"end":{"line":22,"column":null}}},"2":{"name":"(anonymous_7)","decl":{"start":{"line":23,"column":14},"end":{"line":23,"column":null}},"loc":{"start":{"line":23,"column":14},"end":{"line":40,"column":7}}},"3":{"name":"(anonymous_8)","decl":{"start":{"line":41,"column":29},"end":{"line":41,"column":null}},"loc":{"start":{"line":41,"column":29},"end":{"line":47,"column":null}}},"4":{"name":"(anonymous_9)","decl":{"start":{"line":48,"column":27},"end":{"line":48,"column":28}},"loc":{"start":{"line":48,"column":28},"end":{"line":53,"column":null}}},"5":{"name":"(anonymous_10)","decl":{"start":{"line":63,"column":65},"end":{"line":63,"column":78}},"loc":{"start":{"line":63,"column":65},"end":{"line":63,"column":null}}},"6":{"name":"(anonymous_11)","decl":{"start":{"line":64,"column":56},"end":{"line":64,"column":69}},"loc":{"start":{"line":64,"column":56},"end":{"line":64,"column":null}}}},"branchMap":{"0":{"loc":{"start":{"line":10,"column":23},"end":{"line":10,"column":null}},"type":"cond-expr","locations":[{"start":{"line":10,"column":57},"end":{"line":10,"column":76}},{"start":{"line":10,"column":76},"end":{"line":10,"column":null}}]},"1":{"loc":{"start":{"line":24,"column":8},"end":{"line":27,"column":null}},"type":"if","locations":[{"start":{"line":24,"column":8},"end":{"line":27,"column":null}},{"start":{"line":27,"column":15},"end":{"line":27,"column":null}}]},"2":{"loc":{"start":{"line":24,"column":12},"end":{"line":25,"column":56}},"type":"binary-expr","locations":[{"start":{"line":24,"column":12},"end":{"line":24,"column":null}},{"start":{"line":25,"column":15},"end":{"line":25,"column":56}}]},"3":{"loc":{"start":{"line":29,"column":8},"end":{"line":33,"column":null}},"type":"if","locations":[{"start":{"line":29,"column":8},"end":{"line":33,"column":null}},{"start":{"line":33,"column":15},"end":{"line":33,"column":null}}]},"4":{"loc":{"start":{"line":29,"column":12},"end":{"line":31,"column":86}},"type":"binary-expr","locations":[{"start":{"line":29,"column":12},"end":{"line":29,"column":null}},{"start":{"line":30,"column":15},"end":{"line":30,"column":null}},{"start":{"line":31,"column":15},"end":{"line":31,"column":86}}]},"5":{"loc":{"start":{"line":35,"column":8},"end":{"line":38,"column":null}},"type":"if","locations":[{"start":{"line":35,"column":8},"end":{"line":38,"column":null}},{"start":{"line":38,"column":15},"end":{"line":38,"column":null}}]},"6":{"loc":{"start":{"line":35,"column":12},"end":{"line":36,"column":86}},"type":"binary-expr","locations":[{"start":{"line":35,"column":12},"end":{"line":35,"column":null}},{"start":{"line":36,"column":15},"end":{"line":36,"column":86}}]},"7":{"loc":{"start":{"line":44,"column":60},"end":{"line":45,"column":null}},"type":"if","locations":[{"start":{"line":44,"column":60},"end":{"line":45,"column":null}}]},"8":{"loc":{"start":{"line":44,"column":64},"end":{"line":45,"column":101}},"type":"binary-expr","locations":[{"start":{"line":44,"column":64},"end":{"line":44,"column":null}},{"start":{"line":45,"column":67},"end":{"line":45,"column":101}}]},"9":{"loc":{"start":{"line":49,"column":8},"end":{"line":52,"column":null}},"type":"if","locations":[{"start":{"line":49,"column":8},"end":{"line":52,"column":null}}]},"10":{"loc":{"start":{"line":63,"column":26},"end":{"line":63,"column":null}},"type":"binary-expr","locations":[{"start":{"line":63,"column":26},"end":{"line":63,"column":54}},{"start":{"line":63,"column":54},"end":{"line":63,"column":null}}]},"11":{"loc":{"start":{"line":64,"column":26},"end":{"line":64,"column":null}},"type":"binary-expr","locations":[{"start":{"line":64,"column":26},"end":{"line":64,"column":45}},{"start":{"line":64,"column":45},"end":{"line":64,"column":null}}]},"12":{"loc":{"start":{"line":68,"column":28},"end":{"line":71,"column":null}},"type":"binary-expr","locations":[{"start":{"line":68,"column":28},"end":{"line":68,"column":null}},{"start":{"line":69,"column":28},"end":{"line":71,"column":null}}]},"13":{"loc":{"start":{"line":71,"column":116},"end":{"line":71,"column":156}},"type":"binary-expr","locations":[{"start":{"line":71,"column":116},"end":{"line":71,"column":135}},{"start":{"line":71,"column":135},"end":{"line":71,"column":156}}]}},"s":{"0":26,"1":1,"2":1,"3":1,"4":1,"5":1,"6":1,"7":1,"8":105,"9":105,"10":105,"11":105,"12":105,"13":0,"14":0,"15":0,"16":105,"17":78,"18":16,"19":62,"20":78,"21":0,"22":78,"23":78,"24":12,"25":66,"26":105,"27":105,"28":105,"29":105,"30":525,"31":352,"32":105,"33":105,"34":0,"35":0,"36":0},"f":{"0":105,"1":0,"2":78,"3":105,"4":0,"5":525,"6":0},"b":{"0":[0,105],"1":[16,62],"2":[78,72],"3":[0,78],"4":[78,12,0],"5":[12,66],"6":[78,12],"7":[352],"8":[525,494],"9":[0],"10":[105,105],"11":[105,0],"12":[105,105],"13":[105,105]}}
,"C:\\Users\\Reisel_Rol_7\\Desktop\\Todas las Carpetas\\TravelPort\\Intern\\Proyectos\\React - 04 (Formulario) (Vite) V2\\Formulario\\src\\components\\Inputs\\Input.jsx": {"path":"C:\\Users\\Reisel_Rol_7\\Desktop\\Todas las Carpetas\\TravelPort\\Intern\\Proyectos\\React - 04 (Formulario) (Vite) V2\\Formulario\\src\\components\\Inputs\\Input.jsx","statementMap":{"0":{"start":{"line":3,"column":16},"end":{"line":3,"column":22}},"1":{"start":{"line":1,"column":18},"end":{"line":1,"column":null}},"2":{"start":{"line":5,"column":4},"end":{"line":32,"column":null}},"3":{"start":{"line":31,"column":48},"end":{"line":31,"column":null}}},"fnMap":{"0":{"name":"Input","decl":{"start":{"line":3,"column":16},"end":{"line":3,"column":22}},"loc":{"start":{"line":3,"column":30},"end":{"line":42,"column":null}}},"1":{"name":"(anonymous_3)","decl":{"start":{"line":30,"column":72},"end":{"line":30,"column":null}},"loc":{"start":{"line":30,"column":72},"end":{"line":32,"column":null}}}},"branchMap":{"0":{"loc":{"start":{"line":12,"column":28},"end":{"line":24,"column":35}},"type":"binary-expr","locations":[{"start":{"line":12,"column":28},"end":{"line":12,"column":null}},{"start":{"line":13,"column":28},"end":{"line":24,"column":35}}]},"1":{"loc":{"start":{"line":24,"column":28},"end":{"line":32,"column":null}},"type":"binary-expr","locations":[{"start":{"line":24,"column":28},"end":{"line":24,"column":null}},{"start":{"line":25,"column":28},"end":{"line":32,"column":null}}]}},"s":{"0":525,"1":1,"2":390,"3":234},"f":{"0":390,"1":234},"b":{"0":[390,312],"1":[390,78]}}
,"C:\\Users\\Reisel_Rol_7\\Desktop\\Todas las Carpetas\\TravelPort\\Intern\\Proyectos\\React - 04 (Formulario) (Vite) V2\\Formulario\\src\\customHooks\\useInput.js": {"path":"C:\\Users\\Reisel_Rol_7\\Desktop\\Todas las Carpetas\\TravelPort\\Intern\\Proyectos\\React - 04 (Formulario) (Vite) V2\\Formulario\\src\\customHooks\\useInput.js","statementMap":{"0":{"start":{"line":120,"column":0},"end":{"line":120,"column":15}},"1":{"start":{"line":1,"column":33},"end":{"line":1,"column":null}},"2":{"start":{"line":2,"column":24},"end":{"line":2,"column":null}},"3":{"start":{"line":4,"column":17},"end":{"line":119,"column":null}},"4":{"start":{"line":6,"column":4},"end":{"line":6,"column":null}},"5":{"start":{"line":7,"column":4},"end":{"line":7,"column":null}},"6":{"start":{"line":8,"column":4},"end":{"line":8,"column":null}},"7":{"start":{"line":10,"column":30},"end":{"line":10,"column":null}},"8":{"start":{"line":11,"column":46},"end":{"line":11,"column":null}},"9":{"start":{"line":12,"column":38},"end":{"line":12,"column":null}},"10":{"start":{"line":13,"column":44},"end":{"line":13,"column":null}},"11":{"start":{"line":15,"column":25},"end":{"line":19,"column":null}},"12":{"start":{"line":16,"column":25},"end":{"line":16,"column":null}},"13":{"start":{"line":17,"column":8},"end":{"line":17,"column":null}},"14":{"start":{"line":17,"column":21},"end":{"line":17,"column":24}},"15":{"start":{"line":17,"column":54},"end":{"line":17,"column":null}},"16":{"start":{"line":17,"column":97},"end":{"line":17,"column":null}},"17":{"start":{"line":18,"column":8},"end":{"line":18,"column":null}},"18":{"start":{"line":20,"column":29},"end":{"line":34,"column":null}},"19":{"start":{"line":21,"column":22},"end":{"line":21,"column":null}},"20":{"start":{"line":22,"column":8},"end":{"line":30,"column":null}},"21":{"start":{"line":23,"column":12},"end":{"line":26,"column":null}},"22":{"start":{"line":24,"column":16},"end":{"line":24,"column":null}},"23":{"start":{"line":25,"column":16},"end":{"line":25,"column":null}},"24":{"start":{"line":27,"column":15},"end":{"line":30,"column":null}},"25":{"start":{"line":28,"column":12},"end":{"line":28,"column":null}},"26":{"start":{"line":29,"column":12},"end":{"line":29,"column":null}},"27":{"start":{"line":31,"column":8},"end":{"line":31,"column":null}},"28":{"start":{"line":31,"column":38},"end":{"line":31,"column":null}},"29":{"start":{"line":33,"column":8},"end":{"line":33,"column":null}},"30":{"start":{"line":35,"column":33},"end":{"line":47,"column":null}},"31":{"start":{"line":36,"column":22},"end":{"line":36,"column":null}},"32":{"start":{"line":37,"column":8},"end":{"line":45,"column":null}},"33":{"start":{"line":38,"column":12},"end":{"line":41,"column":null}},"34":{"start":{"line":39,"column":16},"end":{"line":39,"column":null}},"35":{"start":{"line":40,"column":16},"end":{"line":40,"column":null}},"36":{"start":{"line":42,"column":15},"end":{"line":45,"column":null}},"37":{"start":{"line":43,"column":16},"end":{"line":43,"column":null}},"38":{"start":{"line":44,"column":16},"end":{"line":44,"column":null}},"39":{"start":{"line":46,"column":8},"end":{"line":46,"column":null}},"40":{"start":{"line":48,"column":25},"end":{"line":59,"column":null}},"41":{"start":{"line":49,"column":8},"end":{"line":58,"column":null}},"42":{"start":{"line":50,"column":35},"end":{"line":50,"column":null}},"43":{"start":{"line":51,"column":31},"end":{"line":51,"column":null}},"44":{"start":{"line":52,"column":39},"end":{"line":52,"column":null}},"45":{"start":{"line":53,"column":12},"end":{"line":54,"column":null}},"46":{"start":{"line":53,"column":32},"end":{"line":53,"column":null}},"47":{"start":{"line":54,"column":17},"end":{"line":54,"column":null}},"48":{"start":{"line":54,"column":41},"end":{"line":54,"column":null}},"49":{"start":{"line":55,"column":12},"end":{"line":55,"column":null}},"50":{"start":{"line":56,"column":12},"end":{"line":56,"column":null}},"51":{"start":{"line":57,"column":12},"end":{"line":57,"column":null}},"52":{"start":{"line":57,"column":38},"end":{"line":57,"column":null}},"53":{"start":{"line":61,"column":4},"end":{"line":63,"column":null}},"54":{"start":{"line":62,"column":8},"end":{"line":62,"column":null}},"55":{"start":{"line":65,"column":20},"end":{"line":67,"column":null}},"56":{"start":{"line":66,"column":8},"end":{"line":66,"column":null}},"57":{"start":{"line":69,"column":21},"end":{"line":73,"column":null}},"58":{"start":{"line":70,"column":8},"end":{"line":71,"column":null}},"59":{"start":{"line":70,"column":29},"end":{"line":70,"column":null}},"60":{"start":{"line":71,"column":13},"end":{"line":71,"column":null}},"61":{"start":{"line":71,"column":37},"end":{"line":71,"column":null}},"62":{"start":{"line":72,"column":8},"end":{"line":72,"column":null}},"63":{"start":{"line":74,"column":28},"end":{"line":81,"column":null}},"64":{"start":{"line":75,"column":8},"end":{"line":80,"column":null}},"65":{"start":{"line":76,"column":35},"end":{"line":76,"column":null}},"66":{"start":{"line":77,"column":12},"end":{"line":77,"column":null}},"67":{"start":{"line":78,"column":12},"end":{"line":78,"column":null}},"68":{"start":{"line":79,"column":12},"end":{"line":79,"column":null}},"69":{"start":{"line":79,"column":39},"end":{"line":79,"column":null}},"70":{"start":{"line":83,"column":31},"end":{"line":86,"column":null}},"71":{"start":{"line":84,"column":8},"end":{"line":84,"column":null}},"72":{"start":{"line":85,"column":8},"end":{"line":85,"column":null}},"73":{"start":{"line":87,"column":22},"end":{"line":93,"column":null}},"74":{"start":{"line":88,"column":8},"end":{"line":88,"column":null}},"75":{"start":{"line":89,"column":8},"end":{"line":90,"column":null}},"76":{"start":{"line":89,"column":28},"end":{"line":89,"column":null}},"77":{"start":{"line":90,"column":13},"end":{"line":90,"column":null}},"78":{"start":{"line":90,"column":37},"end":{"line":90,"column":null}},"79":{"start":{"line":91,"column":8},"end":{"line":91,"column":null}},"80":{"start":{"line":92,"column":8},"end":{"line":92,"column":null}},"81":{"start":{"line":95,"column":23},"end":{"line":97,"column":null}},"82":{"start":{"line":96,"column":8},"end":{"line":96,"column":null}},"83":{"start":{"line":96,"column":40},"end":{"line":96,"column":null}},"84":{"start":{"line":99,"column":4},"end":{"line":117,"column":null}},"85":{"start":{"line":120,"column":15},"end":{"line":120,"column":null}}},"fnMap":{"0":{"name":"(anonymous_4)","decl":{"start":{"line":4,"column":17},"end":{"line":4,"column":18}},"loc":{"start":{"line":4,"column":93},"end":{"line":119,"column":null}}},"1":{"name":"(anonymous_5)","decl":{"start":{"line":15,"column":25},"end":{"line":15,"column":26}},"loc":{"start":{"line":15,"column":26},"end":{"line":19,"column":null}}},"2":{"name":"(anonymous_6)","decl":{"start":{"line":20,"column":29},"end":{"line":20,"column":30}},"loc":{"start":{"line":20,"column":30},"end":{"line":34,"column":null}}},"3":{"name":"(anonymous_7)","decl":{"start":{"line":35,"column":33},"end":{"line":35,"column":34}},"loc":{"start":{"line":35,"column":34},"end":{"line":47,"column":null}}},"4":{"name":"(anonymous_8)","decl":{"start":{"line":48,"column":25},"end":{"line":48,"column":null}},"loc":{"start":{"line":48,"column":25},"end":{"line":59,"column":null}}},"5":{"name":"(anonymous_9)","decl":{"start":{"line":61,"column":14},"end":{"line":61,"column":null}},"loc":{"start":{"line":61,"column":14},"end":{"line":63,"column":7}}},"6":{"name":"(anonymous_10)","decl":{"start":{"line":65,"column":20},"end":{"line":65,"column":null}},"loc":{"start":{"line":65,"column":20},"end":{"line":67,"column":null}}},"7":{"name":"(anonymous_11)","decl":{"start":{"line":69,"column":21},"end":{"line":69,"column":22}},"loc":{"start":{"line":69,"column":22},"end":{"line":73,"column":null}}},"8":{"name":"(anonymous_12)","decl":{"start":{"line":74,"column":28},"end":{"line":74,"column":29}},"loc":{"start":{"line":74,"column":29},"end":{"line":81,"column":null}}},"9":{"name":"(anonymous_13)","decl":{"start":{"line":83,"column":31},"end":{"line":83,"column":32}},"loc":{"start":{"line":83,"column":32},"end":{"line":86,"column":null}}},"10":{"name":"(anonymous_14)","decl":{"start":{"line":87,"column":22},"end":{"line":87,"column":null}},"loc":{"start":{"line":87,"column":22},"end":{"line":93,"column":null}}},"11":{"name":"(anonymous_15)","decl":{"start":{"line":95,"column":23},"end":{"line":95,"column":24}},"loc":{"start":{"line":95,"column":24},"end":{"line":97,"column":null}}}},"branchMap":{"0":{"loc":{"start":{"line":6,"column":13},"end":{"line":6,"column":null}},"type":"cond-expr","locations":[{"start":{"line":6,"column":36},"end":{"line":6,"column":45}},{"start":{"line":6,"column":45},"end":{"line":6,"column":null}}]},"1":{"loc":{"start":{"line":7,"column":16},"end":{"line":7,"column":null}},"type":"cond-expr","locations":[{"start":{"line":7,"column":42},"end":{"line":7,"column":54}},{"start":{"line":7,"column":54},"end":{"line":7,"column":null}}]},"2":{"loc":{"start":{"line":8,"column":18},"end":{"line":8,"column":null}},"type":"cond-expr","locations":[{"start":{"line":8,"column":47},"end":{"line":8,"column":61}},{"start":{"line":8,"column":61},"end":{"line":8,"column":null}}]},"3":{"loc":{"start":{"line":10,"column":39},"end":{"line":10,"column":127}},"type":"cond-expr","locations":[{"start":{"line":10,"column":69},"end":{"line":10,"column":85}},{"start":{"line":10,"column":85},"end":{"line":10,"column":127}}]},"4":{"loc":{"start":{"line":10,"column":85},"end":{"line":10,"column":127}},"type":"cond-expr","locations":[{"start":{"line":10,"column":104},"end":{"line":10,"column":109}},{"start":{"line":10,"column":109},"end":{"line":10,"column":127}}]},"5":{"loc":{"start":{"line":17,"column":54},"end":{"line":17,"column":null}},"type":"if","locations":[{"start":{"line":17,"column":54},"end":{"line":17,"column":null}}]},"6":{"loc":{"start":{"line":22,"column":8},"end":{"line":30,"column":null}},"type":"if","locations":[{"start":{"line":22,"column":8},"end":{"line":30,"column":null}},{"start":{"line":27,"column":15},"end":{"line":30,"column":null}}]},"7":{"loc":{"start":{"line":23,"column":12},"end":{"line":26,"column":null}},"type":"if","locations":[{"start":{"line":23,"column":12},"end":{"line":26,"column":null}}]},"8":{"loc":{"start":{"line":27,"column":15},"end":{"line":30,"column":null}},"type":"if","locations":[{"start":{"line":27,"column":15},"end":{"line":30,"column":null}}]},"9":{"loc":{"start":{"line":31,"column":8},"end":{"line":31,"column":null}},"type":"if","locations":[{"start":{"line":31,"column":8},"end":{"line":31,"column":null}}]},"10":{"loc":{"start":{"line":37,"column":8},"end":{"line":45,"column":null}},"type":"if","locations":[{"start":{"line":37,"column":8},"end":{"line":45,"column":null}},{"start":{"line":42,"column":15},"end":{"line":45,"column":null}}]},"11":{"loc":{"start":{"line":38,"column":12},"end":{"line":41,"column":null}},"type":"if","locations":[{"start":{"line":38,"column":12},"end":{"line":41,"column":null}}]},"12":{"loc":{"start":{"line":42,"column":15},"end":{"line":45,"column":null}},"type":"if","locations":[{"start":{"line":42,"column":15},"end":{"line":45,"column":null}}]},"13":{"loc":{"start":{"line":49,"column":8},"end":{"line":58,"column":null}},"type":"if","locations":[{"start":{"line":49,"column":8},"end":{"line":58,"column":null}}]},"14":{"loc":{"start":{"line":53,"column":12},"end":{"line":54,"column":null}},"type":"if","locations":[{"start":{"line":53,"column":12},"end":{"line":54,"column":null}},{"start":{"line":54,"column":17},"end":{"line":54,"column":null}}]},"15":{"loc":{"start":{"line":54,"column":17},"end":{"line":54,"column":null}},"type":"if","locations":[{"start":{"line":54,"column":17},"end":{"line":54,"column":null}}]},"16":{"loc":{"start":{"line":55,"column":27},"end":{"line":55,"column":null}},"type":"cond-expr","locations":[{"start":{"line":55,"column":59},"end":{"line":55,"column":74}},{"start":{"line":55,"column":74},"end":{"line":55,"column":null}}]},"17":{"loc":{"start":{"line":57,"column":12},"end":{"line":57,"column":null}},"type":"if","locations":[{"start":{"line":57,"column":12},"end":{"line":57,"column":null}}]},"18":{"loc":{"start":{"line":70,"column":8},"end":{"line":71,"column":null}},"type":"if","locations":[{"start":{"line":70,"column":8},"end":{"line":71,"column":null}},{"start":{"line":71,"column":13},"end":{"line":71,"column":null}}]},"19":{"loc":{"start":{"line":71,"column":13},"end":{"line":71,"column":null}},"type":"if","locations":[{"start":{"line":71,"column":13},"end":{"line":71,"column":null}}]},"20":{"loc":{"start":{"line":75,"column":8},"end":{"line":80,"column":null}},"type":"if","locations":[{"start":{"line":75,"column":8},"end":{"line":80,"column":null}}]},"21":{"loc":{"start":{"line":79,"column":12},"end":{"line":79,"column":null}},"type":"if","locations":[{"start":{"line":79,"column":12},"end":{"line":79,"column":null}}]},"22":{"loc":{"start":{"line":89,"column":8},"end":{"line":90,"column":null}},"type":"if","locations":[{"start":{"line":89,"column":8},"end":{"line":90,"column":null}},{"start":{"line":90,"column":13},"end":{"line":90,"column":null}}]},"23":{"loc":{"start":{"line":90,"column":13},"end":{"line":90,"column":null}},"type":"if","locations":[{"start":{"line":90,"column":13},"end":{"line":90,"column":null}}]},"24":{"loc":{"start":{"line":96,"column":8},"end":{"line":96,"column":null}},"type":"if","locations":[{"start":{"line":96,"column":8},"end":{"line":96,"column":null}}]}},"s":{"0":525,"1":1,"2":1,"3":1,"4":525,"5":525,"6":525,"7":525,"8":525,"9":525,"10":525,"11":525,"12":280,"13":280,"14":280,"15":29,"16":19,"17":280,"18":525,"19":46,"20":46,"21":8,"22":4,"23":4,"24":38,"25":0,"26":0,"27":46,"28":1,"29":46,"30":525,"31":0,"32":0,"33":0,"34":0,"35":0,"36":0,"37":0,"38":0,"39":0,"40":525,"41":183,"42":46,"43":46,"44":46,"45":46,"46":46,"47":0,"48":0,"49":46,"50":46,"51":46,"52":4,"53":525,"54":183,"55":525,"56":0,"57":525,"58":33,"59":33,"60":0,"61":0,"62":33,"63":525,"64":28,"65":14,"66":14,"67":14,"68":14,"69":14,"70":525,"71":1,"72":1,"73":525,"74":0,"75":0,"76":0,"77":0,"78":0,"79":0,"80":0,"81":525,"82":206,"83":1,"84":525,"85":1},"f":{"0":525,"1":280,"2":46,"3":0,"4":183,"5":183,"6":0,"7":33,"8":28,"9":1,"10":0,"11":206},"b":{"0":[525,0],"1":[105,420],"2":[420,105],"3":[0,525],"4":[420,105],"5":[19],"6":[8,38],"7":[4],"8":[0],"9":[1],"10":[0,0],"11":[0],"12":[0],"13":[46],"14":[46,0],"15":[0],"16":[16,30],"17":[4],"18":[33,0],"19":[0],"20":[14],"21":[14],"22":[0,0],"23":[0],"24":[1]}}
,"C:\\Users\\Reisel_Rol_7\\Desktop\\Todas las Carpetas\\TravelPort\\Intern\\Proyectos\\React - 04 (Formulario) (Vite) V2\\Formulario\\src\\engine\\engine.js": {"path":"C:\\Users\\Reisel_Rol_7\\Desktop\\Todas las Carpetas\\TravelPort\\Intern\\Proyectos\\React - 04 (Formulario) (Vite) V2\\Formulario\\src\\engine\\engine.js","statementMap":{"0":{"start":{"line":1,"column":13},"end":{"line":1,"column":38}},"1":{"start":{"line":1,"column":38},"end":{"line":5,"column":null}},"2":{"start":{"line":2,"column":34},"end":{"line":2,"column":36}},"3":{"start":{"line":3,"column":4},"end":{"line":3,"column":null}},"4":{"start":{"line":3,"column":17},"end":{"line":3,"column":20}},"5":{"start":{"line":3,"column":43},"end":{"line":3,"column":null}},"6":{"start":{"line":3,"column":93},"end":{"line":3,"column":null}},"7":{"start":{"line":4,"column":4},"end":{"line":4,"column":null}}},"fnMap":{"0":{"name":"(anonymous_1)","decl":{"start":{"line":1,"column":38},"end":{"line":1,"column":39}},"loc":{"start":{"line":1,"column":46},"end":{"line":5,"column":null}}}},"branchMap":{"0":{"loc":{"start":{"line":3,"column":43},"end":{"line":3,"column":null}},"type":"if","locations":[{"start":{"line":3,"column":43},"end":{"line":3,"column":null}}]}},"s":{"0":1,"1":1,"2":1,"3":1,"4":1,"5":1,"6":0,"7":1},"f":{"0":1},"b":{"0":[0]}}
,"C:\\Users\\Reisel_Rol_7\\Desktop\\Todas las Carpetas\\TravelPort\\Intern\\Proyectos\\React - 04 (Formulario) (Vite) V2\\Formulario\\src\\services\\IDservice.js": {"path":"C:\\Users\\Reisel_Rol_7\\Desktop\\Todas las Carpetas\\TravelPort\\Intern\\Proyectos\\React - 04 (Formulario) (Vite) V2\\Formulario\\src\\services\\IDservice.js","statementMap":{"0":{"start":{"line":1,"column":13},"end":{"line":1,"column":32}},"1":{"start":{"line":1,"column":32},"end":{"line":23,"column":null}},"2":{"start":{"line":2,"column":4},"end":{"line":22,"column":null}},"3":{"start":{"line":3,"column":25},"end":{"line":3,"column":null}},"4":{"start":{"line":4,"column":8},"end":{"line":6,"column":null}},"5":{"start":{"line":5,"column":12},"end":{"line":5,"column":null}},"6":{"start":{"line":7,"column":27},"end":{"line":7,"column":null}},"7":{"start":{"line":8,"column":26},"end":{"line":8,"column":null}},"8":{"start":{"line":9,"column":33},"end":{"line":9,"column":null}},"9":{"start":{"line":10,"column":29},"end":{"line":10,"column":55}},"10":{"start":{"line":11,"column":8},"end":{"line":11,"column":null}},"11":{"start":{"line":12,"column":11},"end":{"line":22,"column":null}},"12":{"start":{"line":13,"column":34},"end":{"line":13,"column":null}},"13":{"start":{"line":14,"column":8},"end":{"line":16,"column":null}},"14":{"start":{"line":15,"column":12},"end":{"line":15,"column":null}},"15":{"start":{"line":17,"column":35},"end":{"line":17,"column":null}},"16":{"start":{"line":18,"column":42},"end":{"line":18,"column":null}},"17":{"start":{"line":19,"column":32},"end":{"line":19,"column":null}},"18":{"start":{"line":20,"column":43},"end":{"line":20,"column":83}},"19":{"start":{"line":21,"column":8},"end":{"line":21,"column":null}},"20":{"start":{"line":22,"column":11},"end":{"line":22,"column":null}}},"fnMap":{"0":{"name":"(anonymous_1)","decl":{"start":{"line":1,"column":32},"end":{"line":1,"column":33}},"loc":{"start":{"line":1,"column":47},"end":{"line":23,"column":null}}}},"branchMap":{"0":{"loc":{"start":{"line":2,"column":4},"end":{"line":22,"column":null}},"type":"if","locations":[{"start":{"line":2,"column":4},"end":{"line":22,"column":null}},{"start":{"line":12,"column":11},"end":{"line":22,"column":null}}]},"1":{"loc":{"start":{"line":4,"column":8},"end":{"line":6,"column":null}},"type":"if","locations":[{"start":{"line":4,"column":8},"end":{"line":6,"column":null}}]},"2":{"loc":{"start":{"line":12,"column":11},"end":{"line":22,"column":null}},"type":"if","locations":[{"start":{"line":12,"column":11},"end":{"line":22,"column":null}},{"start":{"line":22,"column":11},"end":{"line":22,"column":null}}]},"3":{"loc":{"start":{"line":14,"column":8},"end":{"line":16,"column":null}},"type":"if","locations":[{"start":{"line":14,"column":8},"end":{"line":16,"column":null}}]},"4":{"loc":{"start":{"line":21,"column":15},"end":{"line":21,"column":null}},"type":"binary-expr","locations":[{"start":{"line":21,"column":15},"end":{"line":21,"column":75}},{"start":{"line":21,"column":75},"end":{"line":21,"column":null}}]}},"s":{"0":12,"1":1,"2":12,"3":0,"4":0,"5":0,"6":0,"7":0,"8":0,"9":0,"10":0,"11":12,"12":0,"13":0,"14":0,"15":0,"16":0,"17":0,"18":0,"19":0,"20":12},"f":{"0":12},"b":{"0":[0,12],"1":[0],"2":[0,12],"3":[0],"4":[0,0]}}
}
