TN:
SF:src\components\FormErros\FormErrors.jsx
FN:4,FormErrors
FN:7,(anonymous_5)
FN:17,(anonymous_6)
FN:20,(anonymous_7)
FNF:4
FNH:4
FNDA:95,FormErrors
FNDA:78,(anonymous_5)
FNDA:95,(anonymous_6)
FNDA:19,(anonymous_7)
DA:1,1
DA:2,1
DA:4,105
DA:5,95
DA:7,95
DA:8,78
DA:9,390
DA:10,78
DA:12,95
DA:18,95
DA:21,19
LF:11
LH:11
BRDA:10,0,0,17
BRDA:15,1,0,95
BRDA:15,1,1,19
BRF:3
BRH:3
end_of_record
TN:
SF:src\components\FormInfo\FormInfo.jsx
FN:3,FormInfo
FNF:1
FNH:0
FNDA:0,FormInfo
DA:1,1
DA:3,0
DA:4,0
LF:3
LH:1
BRF:0
BRH:0
end_of_record
TN:
SF:src\components\Formulario\Formulario.jsx
FN:9,Formulario
FN:20,(anonymous_6)
FN:23,(anonymous_7)
FN:41,(anonymous_8)
FN:48,(anonymous_9)
FN:63,(anonymous_10)
FN:64,(anonymous_11)
FNF:7
FNH:4
FNDA:105,Formulario
FNDA:0,(anonymous_6)
FNDA:78,(anonymous_7)
FNDA:105,(anonymous_8)
FNDA:0,(anonymous_9)
FNDA:525,(anonymous_10)
FNDA:0,(anonymous_11)
DA:1,1
DA:2,1
DA:3,1
DA:4,1
DA:5,1
DA:6,1
DA:7,1
DA:9,26
DA:10,105
DA:11,105
DA:12,105
DA:19,105
DA:20,105
DA:21,0
DA:23,105
DA:24,78
DA:26,16
DA:27,62
DA:29,78
DA:32,0
DA:33,78
DA:35,78
DA:37,12
DA:38,66
DA:41,105
DA:43,105
DA:44,525
DA:45,352
DA:46,105
DA:48,105
DA:49,0
DA:50,0
DA:51,0
LF:33
LH:28
BRDA:10,0,0,0
BRDA:10,0,1,105
BRDA:24,1,0,16
BRDA:24,1,1,62
BRDA:24,2,0,78
BRDA:24,2,1,72
BRDA:29,3,0,0
BRDA:29,3,1,78
BRDA:29,4,0,78
BRDA:29,4,1,12
BRDA:29,4,2,0
BRDA:35,5,0,12
BRDA:35,5,1,66
BRDA:35,6,0,78
BRDA:35,6,1,12
BRDA:44,7,0,352
BRDA:44,8,0,525
BRDA:44,8,1,494
BRDA:49,9,0,0
BRDA:63,10,0,105
BRDA:63,10,1,105
BRDA:64,11,0,105
BRDA:64,11,1,0
BRDA:68,12,0,105
BRDA:68,12,1,105
BRDA:71,13,0,105
BRDA:71,13,1,105
BRF:27
BRH:22
end_of_record
TN:
SF:src\components\Inputs\Input.jsx
FN:3,Input
FN:30,(anonymous_3)
FNF:2
FNH:2
FNDA:390,Input
FNDA:234,(anonymous_3)
DA:1,1
DA:3,525
DA:5,390
DA:31,234
LF:4
LH:4
BRDA:12,0,0,390
BRDA:12,0,1,312
BRDA:24,1,0,390
BRDA:24,1,1,78
BRF:4
BRH:4
end_of_record
TN:
SF:src\customHooks\useInput.js
FN:4,(anonymous_4)
FN:15,(anonymous_5)
FN:20,(anonymous_6)
FN:35,(anonymous_7)
FN:48,(anonymous_8)
FN:61,(anonymous_9)
FN:65,(anonymous_10)
FN:69,(anonymous_11)
FN:74,(anonymous_12)
FN:83,(anonymous_13)
FN:87,(anonymous_14)
FN:95,(anonymous_15)
FNF:12
FNH:9
FNDA:525,(anonymous_4)
FNDA:280,(anonymous_5)
FNDA:46,(anonymous_6)
FNDA:0,(anonymous_7)
FNDA:183,(anonymous_8)
FNDA:183,(anonymous_9)
FNDA:0,(anonymous_10)
FNDA:33,(anonymous_11)
FNDA:28,(anonymous_12)
FNDA:1,(anonymous_13)
FNDA:0,(anonymous_14)
FNDA:206,(anonymous_15)
DA:1,1
DA:2,1
DA:4,1
DA:6,525
DA:7,525
DA:8,525
DA:10,525
DA:11,525
DA:12,525
DA:13,525
DA:15,525
DA:16,280
DA:17,280
DA:18,280
DA:20,525
DA:21,46
DA:22,46
DA:23,8
DA:24,4
DA:25,4
DA:27,38
DA:28,0
DA:29,0
DA:31,46
DA:33,46
DA:35,525
DA:36,0
DA:37,0
DA:38,0
DA:39,0
DA:40,0
DA:42,0
DA:43,0
DA:44,0
DA:46,0
DA:48,525
DA:49,183
DA:50,46
DA:51,46
DA:52,46
DA:53,46
DA:54,0
DA:55,46
DA:56,46
DA:57,46
DA:61,525
DA:62,183
DA:65,525
DA:66,0
DA:69,525
DA:70,33
DA:71,0
DA:72,33
DA:74,525
DA:75,28
DA:76,14
DA:77,14
DA:78,14
DA:79,14
DA:83,525
DA:84,1
DA:85,1
DA:87,525
DA:88,0
DA:89,0
DA:90,0
DA:91,0
DA:92,0
DA:95,525
DA:96,206
DA:99,525
DA:120,525
LF:72
LH:53
BRDA:6,0,0,525
BRDA:6,0,1,0
BRDA:7,1,0,105
BRDA:7,1,1,420
BRDA:8,2,0,420
BRDA:8,2,1,105
BRDA:10,3,0,0
BRDA:10,3,1,525
BRDA:10,4,0,420
BRDA:10,4,1,105
BRDA:17,5,0,19
BRDA:22,6,0,8
BRDA:22,6,1,38
BRDA:23,7,0,4
BRDA:27,8,0,0
BRDA:31,9,0,1
BRDA:37,10,0,0
BRDA:37,10,1,0
BRDA:38,11,0,0
BRDA:42,12,0,0
BRDA:49,13,0,46
BRDA:53,14,0,46
BRDA:53,14,1,0
BRDA:54,15,0,0
BRDA:55,16,0,16
BRDA:55,16,1,30
BRDA:57,17,0,4
BRDA:70,18,0,33
BRDA:70,18,1,0
BRDA:71,19,0,0
BRDA:75,20,0,14
BRDA:79,21,0,14
BRDA:89,22,0,0
BRDA:89,22,1,0
BRDA:90,23,0,0
BRDA:96,24,0,1
BRF:36
BRH:22
end_of_record
TN:
SF:src\engine\engine.js
FN:1,(anonymous_1)
FNF:1
FNH:1
FNDA:1,(anonymous_1)
DA:1,1
DA:2,1
DA:3,1
DA:4,1
LF:4
LH:4
BRDA:3,0,0,0
BRF:1
BRH:0
end_of_record
TN:
SF:src\services\IDservice.js
FN:1,(anonymous_1)
FNF:1
FNH:1
FNDA:12,(anonymous_1)
DA:1,12
DA:2,12
DA:3,0
DA:4,0
DA:5,0
DA:7,0
DA:8,0
DA:9,0
DA:10,0
DA:11,0
DA:12,12
DA:13,0
DA:14,0
DA:15,0
DA:17,0
DA:18,0
DA:19,0
DA:20,0
DA:21,0
DA:22,12
LF:20
LH:4
BRDA:2,0,0,0
BRDA:2,0,1,12
BRDA:4,1,0,0
BRDA:12,2,0,0
BRDA:12,2,1,12
BRDA:14,3,0,0
BRDA:21,4,0,0
BRDA:21,4,1,0
BRF:8
BRH:2
end_of_record
